2025-07-30 16:25:49,784 INFO: Starting production initialization... [in C:\Users\Magesh.Mohanan\Downloads\helpdesk\production_start.py:139]
2025-07-30 16:25:49,785 INFO: Created directory: uploads [in C:\Users\Magesh.Mohanan\Downloads\helpdesk\production_start.py:117]
2025-07-30 16:25:49,785 INFO: Production requirements check passed [in C:\Users\Magesh.Mohanan\Downloads\helpdesk\production_start.py:126]
2025-07-30 16:25:51,124 INFO: Adding job tentatively -- it will be properly scheduled when the scheduler starts [in C:\Users\Magesh.Mohanan\AppData\Roaming\Python\Python313\site-packages\apscheduler\schedulers\base.py:454]
2025-07-30 16:25:51,127 INFO: Added job "Send daily summary email" to job store "default" [in C:\Users\Magesh.Mohanan\AppData\Roaming\Python\Python313\site-packages\apscheduler\schedulers\base.py:895]
2025-07-30 16:25:51,127 INFO: Scheduler started [in C:\Users\Magesh.Mohanan\AppData\Roaming\Python\Python313\site-packages\apscheduler\schedulers\base.py:181]
2025-07-30 16:25:51,131 INFO: Starting database initialization... [in C:\Users\Magesh.Mohanan\Downloads\helpdesk\production_start.py:39]
2025-07-30 16:25:51,133 INFO: Main database initialized successfully [in C:\Users\Magesh.Mohanan\Downloads\helpdesk\production_start.py:44]
2025-07-30 16:25:51,146 INFO: Database initialization completed successfully [in C:\Users\Magesh.Mohanan\Downloads\helpdesk\production_start.py:87]
2025-07-30 16:25:51,149 INFO: Initializing email templates... [in C:\Users\Magesh.Mohanan\Downloads\helpdesk\production_start.py:100]
2025-07-30 16:25:51,157 INFO: Email templates initialized successfully [in C:\Users\Magesh.Mohanan\Downloads\helpdesk\production_start.py:102]
2025-07-30 16:25:51,158 INFO: Production initialization completed successfully! [in C:\Users\Magesh.Mohanan\Downloads\helpdesk\production_start.py:153]
2025-07-30 16:32:23,781 INFO: Starting production initialization... [in C:\Users\Magesh.Mohanan\Downloads\helpdesk\production_start.py:139]
2025-07-30 16:32:23,782 INFO: Production requirements check passed [in C:\Users\Magesh.Mohanan\Downloads\helpdesk\production_start.py:126]
2025-07-30 16:32:25,006 INFO: Adding job tentatively -- it will be properly scheduled when the scheduler starts [in C:\Users\Magesh.Mohanan\AppData\Roaming\Python\Python313\site-packages\apscheduler\schedulers\base.py:454]
2025-07-30 16:32:25,009 INFO: Added job "Send daily summary email" to job store "default" [in C:\Users\Magesh.Mohanan\AppData\Roaming\Python\Python313\site-packages\apscheduler\schedulers\base.py:895]
2025-07-30 16:32:25,009 INFO: Scheduler started [in C:\Users\Magesh.Mohanan\AppData\Roaming\Python\Python313\site-packages\apscheduler\schedulers\base.py:181]
2025-07-30 16:32:25,012 INFO: Starting database initialization... [in C:\Users\Magesh.Mohanan\Downloads\helpdesk\production_start.py:39]
2025-07-30 16:32:25,014 INFO: Main database initialized successfully [in C:\Users\Magesh.Mohanan\Downloads\helpdesk\production_start.py:44]
2025-07-30 16:32:25,028 INFO: Database initialization completed successfully [in C:\Users\Magesh.Mohanan\Downloads\helpdesk\production_start.py:87]
2025-07-30 16:32:25,029 INFO: Initializing email templates... [in C:\Users\Magesh.Mohanan\Downloads\helpdesk\production_start.py:100]
2025-07-30 16:32:25,036 INFO: Email templates initialized successfully [in C:\Users\Magesh.Mohanan\Downloads\helpdesk\production_start.py:102]
2025-07-30 16:32:25,036 INFO: Production initialization completed successfully! [in C:\Users\Magesh.Mohanan\Downloads\helpdesk\production_start.py:153]
